Determining if the pthread_create exist failed with the following output:
Change Dir: /home/an/FOEASU-Linux/LIDAR-Obstacle-Detection/build/CMakeFiles/CMakeTmp

Run Build Command:"/usr/bin/make" "cmTC_4463c/fast"
/usr/bin/make -f CMakeFiles/cmTC_4463c.dir/build.make CMakeFiles/cmTC_4463c.dir/build
make[1]: Entering directory '/home/an/FOEASU-Linux/LIDAR-Obstacle-Detection/build/CMakeFiles/CMakeTmp'
Building C object CMakeFiles/cmTC_4463c.dir/CheckSymbolExists.c.o
/usr/bin/cc    -o CMakeFiles/cmTC_4463c.dir/CheckSymbolExists.c.o   -c /home/an/FOEASU-Linux/LIDAR-Obstacle-Detection/build/CMakeFiles/CMakeTmp/CheckSymbolExists.c
Linking C executable cmTC_4463c
/usr/bin/cmake -E cmake_link_script CMakeFiles/cmTC_4463c.dir/link.txt --verbose=1
/usr/bin/cc      -rdynamic CMakeFiles/cmTC_4463c.dir/CheckSymbolExists.c.o  -o cmTC_4463c 
CMakeFiles/cmTC_4463c.dir/CheckSymbolExists.c.o: In function `main':
CheckSymbolExists.c:(.text+0x1b): undefined reference to `pthread_create'
collect2: error: ld returned 1 exit status
CMakeFiles/cmTC_4463c.dir/build.make:97: recipe for target 'cmTC_4463c' failed
make[1]: *** [cmTC_4463c] Error 1
make[1]: Leaving directory '/home/an/FOEASU-Linux/LIDAR-Obstacle-Detection/build/CMakeFiles/CMakeTmp'
Makefile:126: recipe for target 'cmTC_4463c/fast' failed
make: *** [cmTC_4463c/fast] Error 2

File /home/an/FOEASU-Linux/LIDAR-Obstacle-Detection/build/CMakeFiles/CMakeTmp/CheckSymbolExists.c:
/* */
#include <pthread.h>

int main(int argc, char** argv)
{
  (void)argv;
#ifndef pthread_create
  return ((int*)(&pthread_create))[argc];
#else
  (void)argc;
  return 0;
#endif
}

Determining if the function pthread_create exists in the pthreads failed with the following output:
Change Dir: /home/an/FOEASU-Linux/LIDAR-Obstacle-Detection/build/CMakeFiles/CMakeTmp

Run Build Command:"/usr/bin/make" "cmTC_33e39/fast"
/usr/bin/make -f CMakeFiles/cmTC_33e39.dir/build.make CMakeFiles/cmTC_33e39.dir/build
make[1]: Entering directory '/home/an/FOEASU-Linux/LIDAR-Obstacle-Detection/build/CMakeFiles/CMakeTmp'
Building C object CMakeFiles/cmTC_33e39.dir/CheckFunctionExists.c.o
/usr/bin/cc   -DCHECK_FUNCTION_EXISTS=pthread_create   -o CMakeFiles/cmTC_33e39.dir/CheckFunctionExists.c.o   -c /usr/share/cmake-3.10/Modules/CheckFunctionExists.c
Linking C executable cmTC_33e39
/usr/bin/cmake -E cmake_link_script CMakeFiles/cmTC_33e39.dir/link.txt --verbose=1
/usr/bin/cc  -DCHECK_FUNCTION_EXISTS=pthread_create    -rdynamic CMakeFiles/cmTC_33e39.dir/CheckFunctionExists.c.o  -o cmTC_33e39 -lpthreads 
/usr/bin/ld: cannot find -lpthreads
collect2: error: ld returned 1 exit status
CMakeFiles/cmTC_33e39.dir/build.make:97: recipe for target 'cmTC_33e39' failed
make[1]: *** [cmTC_33e39] Error 1
make[1]: Leaving directory '/home/an/FOEASU-Linux/LIDAR-Obstacle-Detection/build/CMakeFiles/CMakeTmp'
Makefile:126: recipe for target 'cmTC_33e39/fast' failed
make: *** [cmTC_33e39/fast] Error 2


